npx @callstack/react-native-visionos@latest init YourApp

               ######                ######
             ###     ####        ####     ###
            ##          ###    ###          ##
            ##             ####             ##
            ##             ####             ##
            ##           ##    ##           ##
            ##         ###      ###         ##
             ##  ########################  ##
          ######    ###            ###    ######
      ###     ##    ##              ##    ##     ###
   ###         ## ###      ####      ### ##         ###
  ##           ####      ########      ####           ##
 ##             ###     ##########     ###             ##
  ##           ####      ########      ####           ##
   ###         ## ###      ####      ### ##         ###
      ###     ##    ##              ##    ##     ###
          ######    ###            ###    ######
             ##  ########################  ##
            ##         ###      ###         ##
            ##           ##    ##           ##
            ##             ####             ##
            ##             ####             ##
            ##          ###    ###          ##
             ###     ####        ####     ###
               ######                ######


                  Welcome to React Native!
                 Learn once, write anywhere

⠼ Downloading templateerror Installing pods failed. This doesn't affect project initialization and you can safely proceed.
However, you will need to install pods manually when running iOS, follow additional steps in "Run instructions for iOS" section.

✖ Downloading template


info 💡 To enable automatic CocoaPods installation when building for iOS you can create react-native.config.js with automaticPodsInstallation field.
For more details, see https://github.com/react-native-community/cli/blob/main/docs/projects.md#projectiosautomaticpodsinstallation



  Run instructions for Android:
    • Have an Android emulator running (quickest way to get started), or a device connected.
    • cd "/Users/jshebert/Development/plfx/YourApp" && npx react-native run-android

  Run instructions for iOS:
    • cd "/Users/jshebert/Development/plfx/YourApp/ios"

    • Install Cocoapods
      • bundle install # you need to run this only once in your project.
      • bundle exec pod install
      • cd ..

    • npx react-native run-ios
    - or -
    • Open YourApp/ios/YourApp.xcodeproj in Xcode or run "xed -b ios"
    • Hit the Run button

  Run instructions for macOS:
    • See https://aka.ms/ReactNativeGuideMacOS for the latest up-to-date instructions.


